<?xml version="1.0" encoding="UTF-8"?>
<testng-results ignored="0" total="1" passed="1" failed="0" skipped="0">
  <reporter-output>
  </reporter-output>
  <suite started-at="2023-03-20T21:20:45 CET" name="Default suite" finished-at="2023-03-20T21:20:47 CET" duration-ms="2305">
    <groups>
    </groups>
    <test started-at="2023-03-20T21:20:45 CET" name="Default test" finished-at="2023-03-20T21:20:47 CET" duration-ms="2305">
      <class name="Exercise_CustomControl">
        <test-method is-config="true" signature="beforeAllTests()[pri:0, instance:Exercise_CustomControl@55141def]" started-at="2023-03-20T21:20:42 CET" name="beforeAllTests" finished-at="2023-03-20T21:20:44 CET" duration-ms="2118" status="PASS">
          <reporter-output>
          </reporter-output>
        </test-method> <!-- beforeAllTests -->
        <test-method is-config="true" signature="setupTest()[pri:0, instance:Exercise_CustomControl@55141def]" started-at="2023-03-20T21:20:44 CET" name="setupTest" finished-at="2023-03-20T21:20:45 CET" depends-on-methods="AbstractTest.beforeAllTests" duration-ms="802" status="PASS">
          <reporter-output>
          </reporter-output>
        </test-method> <!-- setupTest -->
        <test-method is-config="true" signature="logout()[pri:0, instance:Exercise_CustomControl@55141def]" started-at="2023-03-20T21:20:45 CET" name="logout" finished-at="2023-03-20T21:20:45 CET" duration-ms="95" status="PASS">
          <reporter-output>
          </reporter-output>
        </test-method> <!-- logout -->
        <test-method signature="validCreation()[pri:0, instance:Exercise_CustomControl@55141def]" started-at="2023-03-20T21:20:45 CET" name="validCreation" finished-at="2023-03-20T21:20:47 CET" duration-ms="2134" status="PASS">
          <reporter-output>
          </reporter-output>
        </test-method> <!-- validCreation -->
        <test-method is-config="true" signature="afterAllTests()[pri:0, instance:Exercise_CustomControl@55141def]" started-at="2023-03-20T21:20:47 CET" name="afterAllTests" finished-at="2023-03-20T21:20:48 CET" duration-ms="270" status="PASS">
          <reporter-output>
          </reporter-output>
        </test-method> <!-- afterAllTests -->
      </class> <!-- Exercise_CustomControl -->
    </test> <!-- Default test -->
  </suite> <!-- Default suite -->
</testng-results>
